Arguments: 
  C:\Program Files\nodejs\node.exe C:\Users\skaha\AppData\Roaming\npm\node_modules\yarn\bin\yarn.js add react-native-photo-upload

PATH: 
  C:\Program Files (x86)\Intel\iCLS Client\;C:\Program Files\Intel\iCLS Client\;C:\Windows\system32;C:\Windows;C:\Windows\System32\Wbem;C:\Windows\System32\WindowsPowerShell\v1.0\;C:\Program Files (x86)\NVIDIA Corporation\PhysX\Common;C:\Program Files\dotnet\;C:\Program Files\Microsoft SQL Server\130\Tools\Binn\;C:\WINDOWS\system32;C:\WINDOWS;C:\WINDOWS\System32\Wbem;C:\WINDOWS\System32\WindowsPowerShell\v1.0\;C:\WINDOWS\System32\OpenSSH\;C:\Program Files (x86)\Intel\Intel(R) Management Engine Components\DAL;C:\Program Files\Intel\Intel(R) Management Engine Components\DAL;C:\Program Files (x86)\Intel\Intel(R) Management Engine Components\IPT;C:\Program Files\Intel\Intel(R) Management Engine Components\IPT;C:\Program Files\nodejs\;C:\Program Files\Git\cmd;C:\Users\skaha\AppData\Local\Microsoft\WindowsApps;C:\Program Files\Heroku\bin;C:\Users\skaha\AppData\Local\Programs\Fiddler;C:\Users\skaha\AppData\Local\atom\bin;C:\Users\skaha\AppData\Roaming\npm

Yarn version: 
  1.10.1

Node version: 
  10.9.0

Platform: 
  win32 x64

Trace: 
  Error: EPERM: operation not permitted, unlink 'C:\project\project\node_modules\@babel\highlight\node_modules\js-tokens'

npm manifest: 
  {
    "name": "my-new-project",
    "main": "node_modules/expo/AppEntry.js",
    "private": true,
    "scripts": {
      "start": "expo start",
      "android": "expo start --android",
      "ios": "expo start --ios",
      "eject": "expo eject",
      "test": "node ./node_modules/jest/bin/jest.js --watchAll"
    },
    "jest": {
      "preset": "jest-expo"
    },
    "dependencies": {
      "@expo/samples": "2.1.1",
      "expo": "29.0.0",
      "native-base": "^2.8.0",
      "react": "16.3.1",
      "react-native": "https://github.com/expo/react-native/archive/sdk-29.0.0.tar.gz",
      "react-native-image-picker": "^0.26.10",
      "react-native-photo-upload": "^1.3.0",
      "react-native-ui-kitten": "^3.0.1",
      "react-navigation": "^2.14.2",
      "yarn": "^1.9.4"
    },
    "devDependencies": {
      "jest-expo": "29.0.0"
    }
  }

yarn manifest: 
  No manifest

Lockfile: 
  No lockfile
